<?xml version="1.0" encoding="UTF-8"?>
<!-- Generated by org.testng.reporters.JUnitReportReporter -->
<testsuite skipped="0" hostname="d100" name="guru99Test.Day2" tests="1" failures="0" timestamp="10 Nov 2018 04:55:32 GMT" time="6.560" errors="0">
  <testcase name="openGuru" time="6.560" classname="guru99Test.Day2"/>
</testsuite> <!-- guru99Test.Day2 -->
