<?xml version="1.0" encoding="UTF-8"?>
<!-- Generated by org.testng.reporters.JUnitReportReporter -->
<testsuite skipped="0" hostname="d100" name="guru99Test.Day5" tests="1" failures="0" timestamp="10 Nov 2018 06:30:15 GMT" time="41.065" errors="0">
  <testcase name="checkManagerId" time="41.065" classname="guru99Test.Day5"/>
</testsuite> <!-- guru99Test.Day5 -->
