<?xml version="1.0" encoding="UTF-8"?>
<!-- Generated by org.testng.reporters.JUnitReportReporter -->
<testsuite skipped="0" hostname="d100" name="suryaTestNG.TestNgOpenGoogle" tests="1" failures="0" timestamp="10 Nov 2018 03:55:35 GMT" time="13.644" errors="0">
  <testcase name="openGoogle" time="13.644" classname="suryaTestNG.TestNgOpenGoogle"/>
</testsuite> <!-- suryaTestNG.TestNgOpenGoogle -->
