<?xml version="1.0" encoding="UTF-8"?>
<!-- Generated by org.testng.reporters.JUnitReportReporter -->
<testsuite skipped="0" hostname="d100" name="testNGExamples.TestNgSuits" tests="3" failures="0" timestamp="21 Oct 2018 06:01:26 GMT" time="25.065" errors="0">
  <testcase name="openAmzon" time="5.796" classname="testNGExamples.TestNgSuits"/>
  <testcase name="openEbay" time="10.896" classname="testNGExamples.TestNgSuits"/>
  <testcase name="openFlipkart" time="8.373" classname="testNGExamples.TestNgSuits"/>
</testsuite> <!-- testNGExamples.TestNgSuits -->
