<?xml version="1.0" encoding="UTF-8"?>
<!-- Generated by org.testng.reporters.JUnitReportReporter -->
<testsuite skipped="1" hostname="d100" name="testNG.PriorityExample" tests="5" failures="0" timestamp="21 Oct 2018 04:47:40 GMT" time="0.012" errors="0">
  <testcase name="startEngine" time="0.008" classname="testNG.PriorityExample"/>
  <testcase name="putFirstGear" time="0.002" classname="testNG.PriorityExample"/>
  <testcase name="putSecondGear" time="0.001" classname="testNG.PriorityExample"/>
  <testcase name="putThirdGear" time="0.001" classname="testNG.PriorityExample"/>
  <testcase name="putSeatBelt" classname="testNG.PriorityExample">
    <skipped/>
  </testcase> <!-- putSeatBelt -->
</testsuite> <!-- testNG.PriorityExample -->
