<?xml version="1.0" encoding="UTF-8"?>
<!-- Generated by org.testng.reporters.JUnitReportReporter -->
<testsuite skipped="0" hostname="d100" name="testNGExamples.AnnotationsHierarchy" tests="1" failures="0" timestamp="21 Oct 2018 08:03:22 GMT" time="0.005" errors="0">
  <testcase name="test" time="0.005" classname="testNGExamples.AnnotationsHierarchy"/>
</testsuite> <!-- testNGExamples.AnnotationsHierarchy -->
