<?xml version="1.0" encoding="UTF-8"?>
<!-- Generated by org.testng.reporters.JUnitReportReporter -->
<testsuite skipped="0" hostname="d100" name="testNGExamples.DependsOnExample" tests="3" failures="0" timestamp="21 Oct 2018 07:54:15 GMT" time="0.010" errors="0">
  <testcase name="plusTwo" time="0.001" classname="testNGExamples.DependsOnExample"/>
  <testcase name="tenthStd" time="0.008" classname="testNGExamples.DependsOnExample"/>
  <testcase name="degree" time="0.001" classname="testNGExamples.DependsOnExample"/>
</testsuite> <!-- testNGExamples.DependsOnExample -->
