<?xml version="1.0" encoding="UTF-8"?>
<!-- Generated by org.testng.reporters.JUnitReportReporter -->
<testsuite skipped="0" hostname="d100" name="testNGExamples.ExampleDependon" tests="3" failures="0" timestamp="21 Oct 2018 08:00:27 GMT" time="0.010" errors="0">
  <testcase name="mother" time="0.001" classname="testNGExamples.ExampleDependon"/>
  <testcase name="father" time="0.008" classname="testNGExamples.ExampleDependon"/>
  <testcase name="children" time="0.001" classname="testNGExamples.ExampleDependon"/>
</testsuite> <!-- testNGExamples.ExampleDependon -->
