<?xml version="1.0" encoding="UTF-8"?>
<!-- Generated by org.testng.reporters.JUnitReportReporter -->
<testsuite skipped="0" hostname="d100" name="testNG.TestNGOpenGoogle" tests="1" failures="0" timestamp="21 Oct 2018 04:39:04 GMT" time="20.768" errors="0">
  <testcase name="openGoogle" time="20.768" classname="testNG.TestNGOpenGoogle"/>
</testsuite> <!-- testNG.TestNGOpenGoogle -->
