<?xml version="1.0" encoding="UTF-8"?>
<!-- Generated by org.testng.reporters.JUnitReportReporter -->
<testsuite skipped="0" hostname="d100" name="guru99Test.Day3" tests="4" failures="0" timestamp="10 Nov 2018 05:42:50 GMT" time="23.408" errors="0">
  <testcase name="validInputdata" time="9.375" classname="guru99Test.Day3"/>
  <testcase name="invalidUserID" time="4.730" classname="guru99Test.Day3"/>
  <testcase name="invalidPassword" time="4.496" classname="guru99Test.Day3"/>
  <testcase name="invalidUserIDandPassword" time="4.807" classname="guru99Test.Day3"/>
</testsuite> <!-- guru99Test.Day3 -->
