<?xml version="1.0" encoding="UTF-8"?>
<!-- Generated by org.testng.reporters.JUnitReportReporter -->
<testsuite skipped="0" hostname="d100" name="testNGExamples.GroupingExample" tests="4" failures="0" timestamp="21 Oct 2018 06:39:50 GMT" time="0.015" errors="0">
  <testcase name="bugati1" time="0.002" classname="testNGExamples.GroupingExample"/>
  <testcase name="bmw1" time="0.009" classname="testNGExamples.GroupingExample"/>
  <testcase name="bugati2" time="0.002" classname="testNGExamples.GroupingExample"/>
  <testcase name="bmw2" time="0.002" classname="testNGExamples.GroupingExample"/>
</testsuite> <!-- testNGExamples.GroupingExample -->
