<?xml version="1.0" encoding="UTF-8"?>
<!-- Generated by org.testng.reporters.JUnitReportReporter -->
<testsuite skipped="1" hostname="d100" name="testNGExamples.TestNgPriority" tests="4" failures="0" timestamp="21 Oct 2018 05:44:04 GMT" time="0.009" errors="0">
  <testcase name="clickFirefox" time="0.007" classname="testNGExamples.TestNgPriority"/>
  <testcase name="enterGoogle" time="0.001" classname="testNGExamples.TestNgPriority"/>
  <testcase name="googleHome" time="0.001" classname="testNGExamples.TestNgPriority"/>
  <testcase name="enetrKey" classname="testNGExamples.TestNgPriority">
    <skipped/>
  </testcase> <!-- enetrKey -->
</testsuite> <!-- testNGExamples.TestNgPriority -->
