<?xml version="1.0" encoding="UTF-8"?>
<!-- Generated by org.testng.reporters.JUnitReportReporter -->
<testsuite skipped="0" hostname="d100" name="testNG.SuitesExample" tests="3" failures="0" timestamp="21 Oct 2018 05:02:59 GMT" time="19.092" errors="0">
  <testcase name="openYahoo" time="15.816" classname="testNG.SuitesExample"/>
  <testcase name="openBing" time="1.253" classname="testNG.SuitesExample"/>
  <testcase name="openGoogle" time="2.023" classname="testNG.SuitesExample"/>
</testsuite> <!-- testNG.SuitesExample -->
