<?xml version="1.0" encoding="UTF-8"?>
<!-- Generated by org.testng.reporters.JUnitReportReporter -->
<testsuite skipped="0" hostname="d100" name="testNGExamples.ExampleGroping" tests="4" failures="0" timestamp="21 Oct 2018 07:51:25 GMT" time="0.011" errors="0">
  <testcase name="matriculation1" time="0.001" classname="testNGExamples.ExampleGroping"/>
  <testcase name="cbse1" time="0.008" classname="testNGExamples.ExampleGroping"/>
  <testcase name="matriculation2" time="0.001" classname="testNGExamples.ExampleGroping"/>
  <testcase name="cbse2" time="0.001" classname="testNGExamples.ExampleGroping"/>
</testsuite> <!-- testNGExamples.ExampleGroping -->
