<?xml version="1.0" encoding="UTF-8"?>
<!-- Generated by org.testng.reporters.JUnitReportReporter -->
<testsuite skipped="0" hostname="d100" name="guru99Test.Day4" tests="1" failures="0" timestamp="10 Nov 2018 06:08:35 GMT" time="19.012" errors="0">
  <testcase name="checkManagerId" time="19.012" classname="guru99Test.Day4"/>
</testsuite> <!-- guru99Test.Day4 -->
