<?xml version="1.0" encoding="UTF-8"?>
<!-- Generated by org.testng.reporters.JUnitReportReporter -->
<testsuite skipped="0" hostname="d100" name="testNGExamples.TestNGOpenGmail" tests="1" failures="0" timestamp="21 Oct 2018 06:25:32 GMT" time="15.211" errors="0">
  <testcase name="openGmail" time="15.211" classname="testNGExamples.TestNGOpenGmail"/>
</testsuite> <!-- testNGExamples.TestNGOpenGmail -->
