<?xml version="1.0" encoding="UTF-8"?>
<!-- Generated by org.testng.reporters.JUnitReportReporter -->
<testsuite skipped="0" hostname="d100" name="testNGExamples.TestNgTimecalculation" tests="1" failures="0" timestamp="21 Oct 2018 07:19:15 GMT" time="14.534" errors="0">
  <testcase name="lanchbrowser" time="14.534" classname="testNGExamples.TestNgTimecalculation"/>
</testsuite> <!-- testNGExamples.TestNgTimecalculation -->
