<?xml version="1.0" encoding="UTF-8"?>
<!-- Generated by org.testng.reporters.JUnitReportReporter -->
<testsuite skipped="0" hostname="d100" name="guru99Test.Day1" tests="1" failures="0" timestamp="10 Nov 2018 04:27:57 GMT" time="20.503" errors="0">
  <testcase name="openGuru" time="20.503" classname="guru99Test.Day1"/>
</testsuite> <!-- guru99Test.Day1 -->
